<?xml version="1.0" encoding="UTF-8"?>
<!-- Generated by org.testng.reporters.JUnitReportReporter -->
<testsuite skipped="0" hostname="DESKTOP-159BPU0" name="com.qa.tests.DemoTest" tests="2" failures="0" timestamp="12 Apr 2020 18:01:33 GMT" time="0.024" errors="0">
  <testcase name="sum" time="0.002" classname="com.qa.tests.DemoTest"/>
  <testcase name="sub" time="0.022" classname="com.qa.tests.DemoTest"/>
</testsuite> <!-- com.qa.tests.DemoTest -->
